============================= test session starts ==============================
platform linux -- Python 3.11.2, pytest-9.0.2, pluggy-1.6.0 -- /usr/bin/python3
cachedir: .pytest_cache
hypothesis profile 'default'
rootdir: /home/tech/what-s-for-dinner
configfile: pyproject.toml
plugins: anyio-4.12.0, hypothesis-6.148.8
collecting ... collected 37 items

tests/test_kitchen_sink_fuzz.py::TestKitchenSinkTextSanitization::test_all_payloads PASSED [  2%]
tests/test_kitchen_sink_fuzz.py::TestKitchenSinkTextSanitization::test_binary_as_text_massive PASSED [  5%]
tests/test_kitchen_sink_fuzz.py::TestKitchenSinkTextSanitization::test_massive_text_input PASSED [  8%]
tests/test_kitchen_sink_fuzz.py::TestKitchenSinkTextSanitization::test_concatenated_payloads PASSED [ 10%]
tests/test_kitchen_sink_fuzz.py::TestKitchenSinkTextSanitization::test_all_unicode_categories PASSED [ 13%]
tests/test_kitchen_sink_fuzz.py::TestKitchenSinkTextSanitization::test_single_codepoints PASSED [ 16%]
tests/test_kitchen_sink_fuzz.py::TestKitchenSinkFilename::test_all_path_payloads PASSED [ 18%]
tests/test_kitchen_sink_fuzz.py::TestKitchenSinkFilename::test_all_null_payloads PASSED [ 21%]
tests/test_kitchen_sink_fuzz.py::TestKitchenSinkFilename::test_all_command_injection PASSED [ 24%]
tests/test_kitchen_sink_fuzz.py::TestKitchenSinkFilename::test_massive_filename_fuzzing PASSED [ 27%]
tests/test_kitchen_sink_fuzz.py::TestKitchenSinkFilename::test_binary_filenames PASSED [ 29%]
tests/test_kitchen_sink_fuzz.py::TestKitchenSinkPluginSecurity::test_all_malicious_code PASSED [ 32%]
tests/test_kitchen_sink_fuzz.py::TestKitchenSinkPluginSecurity::test_massive_plugin_source PASSED [ 35%]
tests/test_kitchen_sink_fuzz.py::TestKitchenSinkPluginSecurity::test_binary_plugin_source PASSED [ 37%]
tests/test_kitchen_sink_fuzz.py::TestKitchenSinkRecipeData::test_arbitrary_data_structures PASSED [ 40%]
tests/test_kitchen_sink_fuzz.py::TestKitchenSinkRecipeData::test_integer_overflow_in_cook_time PASSED [ 43%]
tests/test_kitchen_sink_fuzz.py::TestKitchenSinkRecipeData::test_float_edge_cases_in_cook_time PASSED [ 45%]
tests/test_kitchen_sink_fuzz.py::TestKitchenSinkRecipeData::test_deeply_nested_structures PASSED [ 48%]
tests/test_kitchen_sink_fuzz.py::TestKitchenSinkRecipeData::test_wide_structures PASSED [ 51%]
tests/test_kitchen_sink_fuzz.py::TestKitchenSinkConcurrency::test_extreme_concurrency PASSED [ 54%]
tests/test_kitchen_sink_fuzz.py::TestKitchenSinkConcurrency::test_rapid_allocation_deallocation PASSED [ 56%]
tests/test_kitchen_sink_fuzz.py::TestKitchenSinkConcurrency::test_interleaved_operations PASSED [ 59%]
tests/test_kitchen_sink_fuzz.py::TestKitchenSinkMemoryDOS::test_memory_bomb_strings PASSED [ 62%]
tests/test_kitchen_sink_fuzz.py::TestKitchenSinkMemoryDOS::test_regex_dos_patterns PASSED [ 64%]
tests/test_kitchen_sink_fuzz.py::TestKitchenSinkMemoryDOS::test_deeply_nested_regex_patterns PASSED [ 67%]
tests/test_kitchen_sink_fuzz.py::TestKitchenSinkNumeric::test_arbitrary_integers PASSED [ 70%]
tests/test_kitchen_sink_fuzz.py::TestKitchenSinkNumeric::test_arbitrary_floats PASSED [ 72%]
tests/test_kitchen_sink_fuzz.py::TestKitchenSinkNumeric::test_complex_numbers PASSED [ 75%]
tests/test_kitchen_sink_fuzz.py::TestKitchenSinkNumeric::test_special_numeric_strings PASSED [ 78%]
tests/test_kitchen_sink_fuzz.py::TestKitchenSinkTypeConfusion::test_type_juggling PASSED [ 81%]
tests/test_kitchen_sink_fuzz.py::TestKitchenSinkTypeConfusion::test_random_types PASSED [ 83%]
tests/test_kitchen_sink_fuzz.py::TestKitchenSinkEncoding::test_encoding_round_trips PASSED [ 86%]
tests/test_kitchen_sink_fuzz.py::TestKitchenSinkEncoding::test_double_encoding PASSED [ 89%]
tests/test_kitchen_sink_fuzz.py::TestKitchenSinkEncoding::test_all_encodings_fuzz PASSED [ 91%]
tests/test_kitchen_sink_fuzz.py::TestKitchenSinkSerialization::test_json_edge_cases PASSED [ 94%]
tests/test_kitchen_sink_fuzz.py::TestKitchenSinkSerialization::test_json_round_trip PASSED [ 97%]
tests/test_kitchen_sink_fuzz.py::TestKitchenSinkSummary::test_final_summary PASSED [100%]

======================= 37 passed in 14294.03s (3:58:14) =======================
